<?xml version="1.0" encoding="UTF-8"?>
<testsuite name="controllers.NoteAPITest" tests="1" skipped="0" failures="0" errors="0" timestamp="2023-03-17T20:42:54" hostname="MacBook-Pro.fritz.box" time="0.316">
  <properties/>
  <testcase name="saving and loading an empty collection in JSON doesn't crash app()" classname="controllers.NoteAPITest" time="0.316"/>
  <system-out><![CDATA[]]></system-out>
  <system-err><![CDATA[]]></system-err>
</testsuite>
