<?xml version="1.0" encoding="UTF-8"?>
<testsuite name="controllers.NoteAPITest" tests="1" skipped="0" failures="0" errors="0" timestamp="2023-03-17T16:06:03" hostname="MacBook-Pro.fritz.box" time="0.035">
  <properties/>
  <testcase name="listArchivedNotes returns archived notes when ArrayList has archived notes stored()" classname="controllers.NoteAPITest" time="0.035"/>
  <system-out><![CDATA[]]></system-out>
  <system-err><![CDATA[]]></system-err>
</testsuite>
